Arguments: 
  /Users/devkhaira/.nvm/versions/node/v14.17.3/bin/node /Users/devkhaira/.nvm/versions/node/v14.17.3/bin/yarn add node-fetch

PATH: 
  /Users/devkhaira/.nvm/versions/node/v14.17.3/bin:/Library/Frameworks/Python.framework/Versions/3.10/bin:/usr/local/bin:/usr/bin:/bin:/usr/sbin:/sbin:/Library/Apple/usr/bin:/Users/devkhaira/.local/bin:/Users/devkhaira/Library/Python/3.8/bin

Yarn version: 
  1.22.11

Node version: 
  14.17.3

Platform: 
  darwin x64

Trace: 
  SyntaxError: /Users/devkhaira/Documents/Word-finder/package.json: Unexpected end of JSON input
      at JSON.parse (<anonymous>)
      at /Users/devkhaira/.nvm/versions/node/v14.17.3/lib/node_modules/yarn/lib/cli.js:1625:59
      at Generator.next (<anonymous>)
      at step (/Users/devkhaira/.nvm/versions/node/v14.17.3/lib/node_modules/yarn/lib/cli.js:310:30)
      at /Users/devkhaira/.nvm/versions/node/v14.17.3/lib/node_modules/yarn/lib/cli.js:321:13

npm manifest: 
  

yarn manifest: 
  No manifest

Lockfile: 
  No lockfile
